(-0.6436126070526431+3.691174876954885e-16j)
****************************************************************************************************************************************************************
***                                WIDEN YOUR WINDOW TO 160 CHARACTERS.  Use 'enscript -r -fCourier9' to print this document                                 ***
****************************************************************************************************************************************************************

------------------------------------------------------------------ PETSc Performance Summary: ------------------------------------------------------------------

Unknown Name on a  named photon18 with 24 processors, by dopl4670 Thu Nov 16 02:53:03 2023
Using Petsc Release Version 3.20.1, Oct 31, 2023 

                         Max       Max/Min     Avg       Total
Time (sec):           3.996e+00     1.000   3.996e+00
Objects:              0.000e+00     0.000   0.000e+00
Flops:                3.167e+08     6.266   6.967e+07  1.672e+09
Flops/sec:            7.926e+07     6.266   1.744e+07  4.184e+08
MPI Msg Count:        6.588e+04     1.670   4.618e+04  1.108e+06
MPI Msg Len (bytes):  1.436e+07     2.892   1.411e+02  1.564e+08
MPI Reductions:       1.006e+04     1.000

Flop counting convention: 1 flop = 1 real number operation of type (multiply/divide/add/subtract)
                            e.g., VecAXPY() for real vectors of length N --> 2N flops
                            and VecAXPY() for complex vectors of length N --> 8N flops

Summary of Stages:   ----- Time ------  ----- Flop ------  --- Messages ---  -- Message Lengths --  -- Reductions --
                        Avg     %Total     Avg     %Total    Count   %Total     Avg         %Total    Count   %Total
 0:      Main Stage: 3.2871e-01   8.2%  1.0073e+09  60.2%  3.229e+05  29.1%  2.071e+02       42.7%  4.553e+03  45.3%

------------------------------------------------------------------------------------------------------------------------
See the 'Profiling' chapter of the users' manual for details on interpreting output.
Phase summary info:
   Count: number of times phase was executed
   Time and Flop: Max - maximum over all processors
                  Ratio - ratio of maximum to minimum over all processors
   Mess: number of messages sent
   AvgLen: average message length (bytes)
   Reduct: number of global reductions
   Global: entire computation
   Stage: stages of a computation. Set stages with PetscLogStagePush() and PetscLogStagePop().
      %T - percent time in this phase         %F - percent flop in this phase
      %M - percent messages in this phase     %L - percent message lengths in this phase
      %R - percent reductions in this phase
   Total Mflop/s: 10e-6 * (sum of flop over all processors)/(max time over all processors)
------------------------------------------------------------------------------------------------------------------------
Event                Count      Time (sec)     Flop                              --- Global ---  --- Stage ----  Total
                   Max Ratio  Max     Ratio   Max  Ratio  Mess   AvgLen  Reduct  %T %F %M %L %R  %T %F %M %L %R Mflop/s
------------------------------------------------------------------------------------------------------------------------

--- Event Stage 0: Main Stage

BuildTwoSided       1218 1.0 6.2333e-02 2.5 0.00e+00 0.0 8.7e+04 4.0e+00 1.2e+03  1  0  8  0 12  13  0 27  1 27     0
BuildTwoSidedF       406 1.0 3.0271e-02 3.8 0.00e+00 0.0 0.0e+00 0.0e+00 4.1e+02  0  0  0  0  4   5  0  0  0  9     0
SFSetGraph           812 1.0 1.5923e-03 2.0 0.00e+00 0.0 0.0e+00 0.0e+00 0.0e+00  0  0  0  0  0   0  0  0  0  0     0
SFSetUp              812 1.0 4.7748e-02 1.8 0.00e+00 0.0 1.7e+05 5.1e+01 8.1e+02  1  0 16  6  8  11  0 54 13 18     0
SFPack               956 1.0 1.0560e-03 2.4 0.00e+00 0.0 0.0e+00 0.0e+00 0.0e+00  0  0  0  0  0   0  0  0  0  0     0
SFUnpack             956 1.0 1.2564e-04 1.3 0.00e+00 0.0 0.0e+00 0.0e+00 0.0e+00  0  0  0  0  0   0  0  0  0  0     0
VecMDot              753 1.0 3.4067e-02 4.5 6.24e+05 1.0 0.0e+00 0.0e+00 7.5e+02  0  1  0  0  7   6  1  0  0 17   440
VecNorm              956 1.0 3.0591e-02 3.1 3.02e+05 1.0 0.0e+00 0.0e+00 9.6e+02  0  0  0  0 10   4  1  0  0 21   237
VecScale             956 1.0 4.5817e-04 1.5 1.53e+05 1.0 0.0e+00 0.0e+00 0.0e+00  0  0  0  0  0   0  0  0  0  0  8012
VecCopy              205 1.0 9.4074e-05 1.3 0.00e+00 0.0 0.0e+00 0.0e+00 0.0e+00  0  0  0  0  0   0  0  0  0  0     0
VecSet               203 1.0 7.7772e-05 1.3 0.00e+00 0.0 0.0e+00 0.0e+00 0.0e+00  0  0  0  0  0   0  0  0  0  0     0
VecAXPY              203 1.0 8.5580e-04 3.5 6.50e+04 1.0 0.0e+00 0.0e+00 0.0e+00  0  0  0  0  0   0  0  0  0  0  1822
VecMAXPY             956 1.0 5.9673e-04 1.2 8.73e+05 1.0 0.0e+00 0.0e+00 0.0e+00  0  1  0  0  0   0  2  0  0  0 35110
VecScatterBegin      956 1.0 1.1440e-02 3.3 0.00e+00 0.0 1.5e+05 3.9e+02 0.0e+00  0  0 13 37  0   2  0 46 87  0     0
VecScatterEnd        956 1.0 2.8545e-02 4.4 0.00e+00 0.0 0.0e+00 0.0e+00 0.0e+00  0  0  0  0  0   6  0  0  0  0     0
VecNormalize         956 1.0 3.1423e-02 2.9 4.55e+05 1.0 0.0e+00 0.0e+00 9.6e+02  0  1  0  0 10   5  1  0  0 21   348
MatMult              956 1.0 4.5346e-02 2.6 2.67e+07 1.7 1.5e+05 3.9e+02 0.0e+00  1 33 13 37  0  10 54 46 87  0 12016
MatSolve             956 1.0 2.8370e-03 1.1 7.11e+06 1.0 0.0e+00 0.0e+00 0.0e+00  0 10  0  0  0   1 17  0  0  0 60169
MatLUFactorNum       203 1.0 7.2873e-03 1.1 1.00e+07 1.0 0.0e+00 0.0e+00 0.0e+00  0 14  0  0  0   2 24  0  0  0 32960
MatILUFactorSym      203 1.0 2.2463e-03 1.1 0.00e+00 0.0 0.0e+00 0.0e+00 0.0e+00  0  0  0  0  0   1  0  0  0  0     0
MatConvert           406 1.0 5.3722e-02 1.4 0.00e+00 0.0 4.7e+04 5.1e+01 4.1e+02  1  0  4  2  4  15  0 15  4  9     0
MatAssemblyBegin     406 1.0 3.2430e-02 3.2 0.00e+00 0.0 0.0e+00 0.0e+00 4.1e+02  0  0  0  0  4   5  0  0  0  9     0
MatAssemblyEnd       406 1.0 8.9522e-02 1.0 0.00e+00 0.0 1.3e+05 5.1e+01 2.0e+03  2  0 11  4 20  27  0 39 10 45     0
MatGetRowIJ          203 1.0 4.5946e-05 1.5 0.00e+00 0.0 0.0e+00 0.0e+00 0.0e+00  0  0  0  0  0   0  0  0  0  0     0
MatGetOrdering       203 1.0 1.7567e-03 1.2 0.00e+00 0.0 0.0e+00 0.0e+00 0.0e+00  0  0  0  0  0   0  0  0  0  0     0
MatAXPY              406 1.0 1.7615e-01 1.0 1.30e+05 2.0 1.3e+05 5.1e+01 2.4e+03  4  0 11  4 24  53  0 39 10 54    17
PCSetUp              406 1.0 2.1268e-02 1.2 1.00e+07 1.0 0.0e+00 0.0e+00 0.0e+00  0 14  0  0  0   6 24  0  0  0 11294
PCSetUpOnBlocks      203 1.0 1.9366e-02 1.2 1.00e+07 1.0 0.0e+00 0.0e+00 0.0e+00  0 14  0  0  0   6 24  0  0  0 12403
PCApply              956 1.0 4.9159e-03 1.2 7.11e+06 1.0 0.0e+00 0.0e+00 0.0e+00  0 10  0  0  0   1 17  0  0  0 34724
KSPSetUp             406 1.0 9.6755e-05 1.4 0.00e+00 0.0 0.0e+00 0.0e+00 0.0e+00  0  0  0  0  0   0  0  0  0  0     0
KSPSolve             203 1.0 7.0270e-02 1.1 3.02e+07 1.4 1.2e+05 3.9e+02 1.7e+03  2 39 11 29 17  21 64 36 68 38  9226
KSPGMRESOrthog       753 1.0 3.5025e-02 4.0 1.26e+06 1.0 0.0e+00 0.0e+00 7.5e+02  0  2  0  0  7   6  3  0  0 17   861
------------------------------------------------------------------------------------------------------------------------

Object Type          Creations   Destructions. Reports information only for process 0.

--- Event Stage 0: Main Stage

              Viewer     1              0
           Index Set  1421           1418
   Star Forest Graph   814            811
              Vector  1643           1621
              Matrix  2640           2636
      Preconditioner     2              0
       Krylov Solver     2              0
    Distributed Mesh     1              0
     Discrete System     1              0
           Weak Form     1              0

--- Event Stage 1: PCMPI

========================================================================================================================
Average time to get PetscTime(): 3.99e-08
Average time for MPI_Barrier(): 4.5332e-06
Average time for zero size MPI_Send(): 1.16621e-06
#No PETSc Option Table entries
Compiled without FORTRAN kernels
Compiled with full precision matrices (default)
sizeof(short) 2 sizeof(int) 4 sizeof(long) 8 sizeof(void*) 8 sizeof(PetscScalar) 16 sizeof(PetscInt) 4
Configure options: AR=${PREFIX}/bin/x86_64-conda-linux-gnu-ar CC=mpicc CXX=mpicxx FC=mpifort CFLAGS="-march=nocona -mtune=haswell -ftree-vectorize -fPIC -fstack-protector-strong -fno-plt -O2 -ffunction-sections -pipe -isystem /home/becker/dopl4670/miniconda3/envs/TDSE/include  " CPPFLAGS="-DNDEBUG -D_FORTIFY_SOURCE=2 -O2 -isystem /home/becker/dopl4670/miniconda3/envs/TDSE/include" CXXFLAGS="-fvisibility-inlines-hidden -fmessage-length=0 -march=nocona -mtune=haswell -ftree-vectorize -fPIC -fstack-protector-strong -fno-plt -O2 -ffunction-sections -pipe -isystem /home/becker/dopl4670/miniconda3/envs/TDSE/include  " FFLAGS="-march=nocona -mtune=haswell -ftree-vectorize -fPIC -fstack-protector-strong -fno-plt -O2 -ffunction-sections -pipe -isystem /home/becker/dopl4670/miniconda3/envs/TDSE/include   -Wl,--no-as-needed" LDFLAGS="-pthread -fopenmp -Wl,-O2 -Wl,--sort-common -Wl,--as-needed -Wl,-z,relro -Wl,-z,now -Wl,--disable-new-dtags -Wl,--gc-sections -Wl,--allow-shlib-undefined -Wl,-rpath,/home/becker/dopl4670/miniconda3/envs/TDSE/lib -Wl,-rpath-link,/home/becker/dopl4670/miniconda3/envs/TDSE/lib -L/home/becker/dopl4670/miniconda3/envs/TDSE/lib -Wl,-rpath-link,/home/becker/dopl4670/miniconda3/envs/TDSE/lib" LIBS="-Wl,-rpath,/home/becker/dopl4670/miniconda3/envs/TDSE/lib -lmpi_mpifh -lgfortran" --COPTFLAGS=-O3 --CXXOPTFLAGS=-O3 --FOPTFLAGS=-O3 --with-clib-autodetect=0 --with-cxxlib-autodetect=0 --with-fortranlib-autodetect=0 --with-debugging=0 --with-blas-lib=libblas.so --with-lapack-lib=liblapack.so --with-yaml=1 --with-hdf5=1 --with-fftw=1 --with-hwloc=0 --with-hypre=1 --with-metis=1 --with-mpi=1 --with-mumps=1 --with-parmetis=1 --with-pthread=1 --with-ptscotch=1 --with-shared-libraries --with-ssl=0 --with-scalapack=1 --with-superlu=1 --with-superlu_dist=1 --with-suitesparse=1 --with-x=0 --with-scalar-type=complex --prefix=/home/becker/dopl4670/miniconda3/envs/TDSE
-----------------------------------------
Libraries compiled on 2023-10-31 08:41:02 on db17b8076fce 
Machine characteristics: Linux-6.2.0-1015-azure-x86_64-with-glibc2.17
Using PETSc directory: /home/conda/feedstock_root/build_artifacts/petsc_1698741466241/_h_env_placehold_placehold_placehold_placehold_placehold_placehold_placehold_placehold_placehold_placehold_placehold_placehold_placehold_placehold_placehold_placehold_placehold_placehold_place
Using PETSc arch: 
-----------------------------------------

Using C compiler: mpicc -march=nocona -mtune=haswell -ftree-vectorize -fPIC -fstack-protector-strong -fno-plt -O2 -ffunction-sections -pipe -isystem /home/conda/feedstock_root/build_artifacts/petsc_1698741466241/_h_env_placehold_placehold_placehold_placehold_placehold_placehold_placehold_placehold_placehold_placehold_placehold_placehold_placehold_placehold_placehold_placehold_placehold_placehold_place/include -O3 -DNDEBUG -D_FORTIFY_SOURCE=2 -O2 -isystem /home/conda/feedstock_root/build_artifacts/petsc_1698741466241/_h_env_placehold_placehold_placehold_placehold_placehold_placehold_placehold_placehold_placehold_placehold_placehold_placehold_placehold_placehold_placehold_placehold_placehold_placehold_place/include 
Using Fortran compiler: mpifort -march=nocona -mtune=haswell -ftree-vectorize -fPIC -fstack-protector-strong -fno-plt -O2 -ffunction-sections -pipe -isystem /home/conda/feedstock_root/build_artifacts/petsc_1698741466241/_h_env_placehold_placehold_placehold_placehold_placehold_placehold_placehold_placehold_placehold_placehold_placehold_placehold_placehold_placehold_placehold_placehold_placehold_placehold_place/include   -Wl,--no-as-needed -O3    -DNDEBUG -D_FORTIFY_SOURCE=2 -O2 -isystem /home/conda/feedstock_root/build_artifacts/petsc_1698741466241/_h_env_placehold_placehold_placehold_placehold_placehold_placehold_placehold_placehold_placehold_placehold_placehold_placehold_placehold_placehold_placehold_placehold_placehold_placehold_place/include
-----------------------------------------

Using include paths: -I/home/conda/feedstock_root/build_artifacts/petsc_1698741466241/_h_env_placehold_placehold_placehold_placehold_placehold_placehold_placehold_placehold_placehold_placehold_placehold_placehold_placehold_placehold_placehold_placehold_placehold_placehold_place/include
-----------------------------------------

Using C linker: mpicc
Using Fortran linker: mpifort
Using libraries: -Wl,-rpath,/home/conda/feedstock_root/build_artifacts/petsc_1698741466241/_h_env_placehold_placehold_placehold_placehold_placehold_placehold_placehold_placehold_placehold_placehold_placehold_placehold_placehold_placehold_placehold_placehold_placehold_placehold_place/lib -L/home/conda/feedstock_root/build_artifacts/petsc_1698741466241/_h_env_placehold_placehold_placehold_placehold_placehold_placehold_placehold_placehold_placehold_placehold_placehold_placehold_placehold_placehold_placehold_placehold_placehold_placehold_place/lib -lpetsc -Wl,-rpath,/home/conda/feedstock_root/build_artifacts/petsc_1698741466241/_h_env_placehold_placehold_placehold_placehold_placehold_placehold_placehold_placehold_placehold_placehold_placehold_placehold_placehold_placehold_placehold_placehold_placehold_placehold_place/lib -lHYPRE -lspqr -lumfpack -lklu -lcholmod -lbtf -lccolamd -lcolamd -lcamd -lamd -lsuitesparseconfig -lzmumps -lmumps_common -lpord -lpthread -lscalapack -lsuperlu -lsuperlu_dist -lfftw3_mpi -lfftw3 -llapack -lblas -lptesmumps -lptscotchparmetis -lptscotch -lptscotcherr -lesmumps -lscotch -lscotcherr -lparmetis -lmetis -lhdf5_hl -lhdf5 -lm -lyaml -lquadmath -ldl -lmpi_mpifh -lgfortran
-----------------------------------------

(-0.6436126070526431+3.691174876954885e-16j)
Total Time:3.9020745754241943
